2021-07-22 02:01:35,905 - ---Start Logging---
2021-07-22 02:01:35,906 - Dataset: 20ng.clean.txt. Total Epochs: 20. Total Topics: 20. Model Type: 1. lr: 0.001. seed: 3.
2021-07-22 02:01:35,906 - {'epoch': 1, 'train_loss': tensor(34182.3281), 'train_loss_nll': tensor(33759.), 'train_loss_kld': tensor(423.3271), 'val_loss': tensor(35353.), 'val_loss_nll': tensor(35209.7578), 'val_loss_kld': tensor(143.2435)}
2021-07-22 02:01:35,907 - {'epoch': 2, 'train_loss': tensor(33189.4219), 'train_loss_nll': tensor(32765.8262), 'train_loss_kld': tensor(423.5965), 'val_loss': tensor(34921.5977), 'val_loss_nll': tensor(34610.2188), 'val_loss_kld': tensor(311.3800)}
2021-07-22 02:01:35,908 - {'epoch': 3, 'train_loss': tensor(32718.0723), 'train_loss_nll': tensor(32298.4355), 'train_loss_kld': tensor(419.6393), 'val_loss': tensor(34547.9141), 'val_loss_nll': tensor(34376.0156), 'val_loss_kld': tensor(171.8983)}
2021-07-22 02:01:35,908 - {'epoch': 4, 'train_loss': tensor(32334.8359), 'train_loss_nll': tensor(31912.7949), 'train_loss_kld': tensor(422.0433), 'val_loss': tensor(34434.8906), 'val_loss_nll': tensor(34289.2930), 'val_loss_kld': tensor(145.6035)}
2021-07-22 02:01:35,909 - {'epoch': 5, 'train_loss': tensor(32087.3145), 'train_loss_nll': tensor(31667.8262), 'train_loss_kld': tensor(419.4857), 'val_loss': tensor(34328.3828), 'val_loss_nll': tensor(34064.2773), 'val_loss_kld': tensor(264.1056)}
2021-07-22 02:01:35,910 - {'epoch': 6, 'train_loss': tensor(31965.4902), 'train_loss_nll': tensor(31548.0137), 'train_loss_kld': tensor(417.4734), 'val_loss': tensor(34287.4141), 'val_loss_nll': tensor(33914.3633), 'val_loss_kld': tensor(373.0461)}
2021-07-22 02:01:35,911 - {'epoch': 7, 'train_loss': tensor(31879.5254), 'train_loss_nll': tensor(31467.8672), 'train_loss_kld': tensor(411.6576), 'val_loss': tensor(34212.9570), 'val_loss_nll': tensor(33829.5195), 'val_loss_kld': tensor(383.4382)}
2021-07-22 02:01:35,911 - {'epoch': 8, 'train_loss': tensor(31766.8008), 'train_loss_nll': tensor(31355.2090), 'train_loss_kld': tensor(411.5932), 'val_loss': tensor(34201.9727), 'val_loss_nll': tensor(34028.1719), 'val_loss_kld': tensor(173.8042)}
2021-07-22 02:01:35,912 - {'epoch': 9, 'train_loss': tensor(31714.8418), 'train_loss_nll': tensor(31304.6660), 'train_loss_kld': tensor(410.1800), 'val_loss': tensor(33980.3789), 'val_loss_nll': tensor(33583.2773), 'val_loss_kld': tensor(397.1031)}
2021-07-22 02:01:35,913 - {'epoch': 10, 'train_loss': tensor(31659.9258), 'train_loss_nll': tensor(31249.5684), 'train_loss_kld': tensor(410.3519), 'val_loss': tensor(34014.6953), 'val_loss_nll': tensor(33766.5273), 'val_loss_kld': tensor(248.1717)}
2021-07-22 02:01:35,913 - {'epoch': 11, 'train_loss': tensor(31639.8535), 'train_loss_nll': tensor(31229.6426), 'train_loss_kld': tensor(410.2122), 'val_loss': tensor(34014.2539), 'val_loss_nll': tensor(33517.0156), 'val_loss_kld': tensor(497.2385)}
2021-07-22 02:01:35,914 - {'epoch': 12, 'train_loss': tensor(31589.7422), 'train_loss_nll': tensor(31181.2461), 'train_loss_kld': tensor(408.4916), 'val_loss': tensor(33975.6914), 'val_loss_nll': tensor(33540.0625), 'val_loss_kld': tensor(435.6283)}
2021-07-22 02:01:35,915 - {'epoch': 13, 'train_loss': tensor(31544.9375), 'train_loss_nll': tensor(31138.3828), 'train_loss_kld': tensor(406.5504), 'val_loss': tensor(33970.), 'val_loss_nll': tensor(33557.1133), 'val_loss_kld': tensor(412.8854)}
2021-07-22 02:01:35,915 - {'epoch': 14, 'train_loss': tensor(31548.8887), 'train_loss_nll': tensor(31142.1055), 'train_loss_kld': tensor(406.7856), 'val_loss': tensor(33920.7227), 'val_loss_nll': tensor(33433.3008), 'val_loss_kld': tensor(487.4224)}
2021-07-22 02:01:35,916 - {'epoch': 15, 'train_loss': tensor(31549.9629), 'train_loss_nll': tensor(31144.4609), 'train_loss_kld': tensor(405.5038), 'val_loss': tensor(33928.2109), 'val_loss_nll': tensor(33473.6523), 'val_loss_kld': tensor(454.5602)}
2021-07-22 02:01:35,917 - {'epoch': 16, 'train_loss': tensor(31519.2930), 'train_loss_nll': tensor(31115.8301), 'train_loss_kld': tensor(403.4632), 'val_loss': tensor(33927.0703), 'val_loss_nll': tensor(33588.0898), 'val_loss_kld': tensor(338.9832)}
2021-07-22 02:01:35,917 - {'epoch': 17, 'train_loss': tensor(31475.4707), 'train_loss_nll': tensor(31071.2227), 'train_loss_kld': tensor(404.2469), 'val_loss': tensor(33947.5625), 'val_loss_nll': tensor(33644.8828), 'val_loss_kld': tensor(302.6733)}
2021-07-22 02:01:35,918 - {'epoch': 18, 'train_loss': tensor(31425.4062), 'train_loss_nll': tensor(31024.0957), 'train_loss_kld': tensor(401.3087), 'val_loss': tensor(33833.3984), 'val_loss_nll': tensor(33352.6172), 'val_loss_kld': tensor(480.7833)}
2021-07-22 02:01:35,919 - {'epoch': 19, 'train_loss': tensor(31491.9180), 'train_loss_nll': tensor(31090.2578), 'train_loss_kld': tensor(401.6601), 'val_loss': tensor(33910.3828), 'val_loss_nll': tensor(33469.0430), 'val_loss_kld': tensor(441.3391)}
2021-07-22 02:01:35,920 - {'epoch': 20, 'train_loss': tensor(31445.1113), 'train_loss_nll': tensor(31043.8984), 'train_loss_kld': tensor(401.2118), 'val_loss': tensor(33851.7539), 'val_loss_nll': tensor(33434.4961), 'val_loss_kld': tensor(417.2556)}
2021-07-22 02:01:35,920 - ---Stop Logging---
