2021-07-22 01:59:01,898 - ---Start Logging---
2021-07-22 01:59:01,898 - Dataset: 20ng.clean.txt. Total Epochs: 20. Total Topics: 20. Model Type: 2. lr: 0.001. seed: 3.
2021-07-22 01:59:01,898 - {'epoch': 1, 'train_loss': tensor(34182.5586), 'train_loss_nll': tensor(32302.9160), 'train_loss_kld': tensor(1879.6411), 'val_loss': tensor(37015.0312), 'val_loss_nll': tensor(35117.4531), 'val_loss_kld': tensor(1897.5791)}
2021-07-22 01:59:01,899 - {'epoch': 2, 'train_loss': tensor(33240.1094), 'train_loss_nll': tensor(31365.0703), 'train_loss_kld': tensor(1875.0374), 'val_loss': tensor(36401.7695), 'val_loss_nll': tensor(34492.9648), 'val_loss_kld': tensor(1908.8087)}
2021-07-22 01:59:01,900 - {'epoch': 3, 'train_loss': tensor(32696.5840), 'train_loss_nll': tensor(30822.6816), 'train_loss_kld': tensor(1873.9017), 'val_loss': tensor(35807.0820), 'val_loss_nll': tensor(33909.1367), 'val_loss_kld': tensor(1897.9462)}
2021-07-22 01:59:01,901 - {'epoch': 4, 'train_loss': tensor(32377.3789), 'train_loss_nll': tensor(30504.1016), 'train_loss_kld': tensor(1873.2772), 'val_loss': tensor(35427.3203), 'val_loss_nll': tensor(33536.3281), 'val_loss_kld': tensor(1890.9885)}
2021-07-22 01:59:01,901 - {'epoch': 5, 'train_loss': tensor(32187.0488), 'train_loss_nll': tensor(30314.1367), 'train_loss_kld': tensor(1872.9120), 'val_loss': tensor(35283.2109), 'val_loss_nll': tensor(33396.7578), 'val_loss_kld': tensor(1886.4503)}
2021-07-22 01:59:01,902 - {'epoch': 6, 'train_loss': tensor(32040.9805), 'train_loss_nll': tensor(30168.3320), 'train_loss_kld': tensor(1872.6482), 'val_loss': tensor(34924.1797), 'val_loss_nll': tensor(33030.2227), 'val_loss_kld': tensor(1893.9556)}
2021-07-22 01:59:01,903 - {'epoch': 7, 'train_loss': tensor(31960.9570), 'train_loss_nll': tensor(30088.3262), 'train_loss_kld': tensor(1872.6337), 'val_loss': tensor(35168.0938), 'val_loss_nll': tensor(33275.9688), 'val_loss_kld': tensor(1892.1268)}
2021-07-22 01:59:01,903 - {'epoch': 8, 'train_loss': tensor(31894.4316), 'train_loss_nll': tensor(30021.8809), 'train_loss_kld': tensor(1872.5531), 'val_loss': tensor(-483994.5938), 'val_loss_nll': tensor(33001.7969), 'val_loss_kld': tensor(-516996.4375)}
2021-07-22 01:59:01,904 - {'epoch': 9, 'train_loss': tensor(31829.8164), 'train_loss_nll': tensor(29957.2773), 'train_loss_kld': tensor(1872.5391), 'val_loss': tensor(35026.6445), 'val_loss_nll': tensor(33068.5117), 'val_loss_kld': tensor(1958.1293)}
2021-07-22 01:59:01,905 - {'epoch': 10, 'train_loss': tensor(31800.7578), 'train_loss_nll': tensor(29928.1367), 'train_loss_kld': tensor(1872.6190), 'val_loss': tensor(35004.4961), 'val_loss_nll': tensor(33123.1133), 'val_loss_kld': tensor(1881.3809)}
2021-07-22 01:59:01,905 - {'epoch': 11, 'train_loss': tensor(31765.9043), 'train_loss_nll': tensor(29893.4121), 'train_loss_kld': tensor(1872.4873), 'val_loss': tensor(35013.9609), 'val_loss_nll': tensor(33122.3516), 'val_loss_kld': tensor(1891.6102)}
2021-07-22 01:59:01,906 - {'epoch': 12, 'train_loss': tensor(31737.5996), 'train_loss_nll': tensor(29865.1777), 'train_loss_kld': tensor(1872.4230), 'val_loss': tensor(34956.5625), 'val_loss_nll': tensor(33082.6016), 'val_loss_kld': tensor(1873.9563)}
2021-07-22 01:59:01,907 - {'epoch': 13, 'train_loss': tensor(31708.8770), 'train_loss_nll': tensor(29836.3438), 'train_loss_kld': tensor(1872.5333), 'val_loss': tensor(34859.0781), 'val_loss_nll': tensor(32972.6641), 'val_loss_kld': tensor(1886.4103)}
2021-07-22 01:59:01,908 - {'epoch': 14, 'train_loss': tensor(31674.0273), 'train_loss_nll': tensor(29801.7051), 'train_loss_kld': tensor(1872.3239), 'val_loss': tensor(34737.4961), 'val_loss_nll': tensor(32855.2500), 'val_loss_kld': tensor(1882.2450)}
2021-07-22 01:59:01,908 - {'epoch': 15, 'train_loss': tensor(31652.8281), 'train_loss_nll': tensor(29780.5156), 'train_loss_kld': tensor(1872.3118), 'val_loss': tensor(34821.8164), 'val_loss_nll': tensor(32937.3047), 'val_loss_kld': tensor(1884.5070)}
2021-07-22 01:59:01,909 - {'epoch': 16, 'train_loss': tensor(31643.5488), 'train_loss_nll': tensor(29771.3203), 'train_loss_kld': tensor(1872.2290), 'val_loss': tensor(35214.8281), 'val_loss_nll': tensor(32981.4023), 'val_loss_kld': tensor(2233.4263)}
2021-07-22 01:59:01,910 - {'epoch': 17, 'train_loss': tensor(31629.3242), 'train_loss_nll': tensor(29757.0566), 'train_loss_kld': tensor(1872.2650), 'val_loss': tensor(35017.1133), 'val_loss_nll': tensor(33111.1641), 'val_loss_kld': tensor(1905.9470)}
2021-07-22 01:59:01,910 - {'epoch': 18, 'train_loss': tensor(31595.8242), 'train_loss_nll': tensor(29723.5996), 'train_loss_kld': tensor(1872.2267), 'val_loss': tensor(34751.4414), 'val_loss_nll': tensor(32860.9844), 'val_loss_kld': tensor(1890.4578)}
2021-07-22 01:59:01,911 - {'epoch': 19, 'train_loss': tensor(31595.8379), 'train_loss_nll': tensor(29723.7070), 'train_loss_kld': tensor(1872.1282), 'val_loss': tensor(34828.3633), 'val_loss_nll': tensor(32948.4219), 'val_loss_kld': tensor(1879.9410)}
2021-07-22 01:59:01,912 - {'epoch': 20, 'train_loss': tensor(31574.3223), 'train_loss_nll': tensor(29702.2578), 'train_loss_kld': tensor(1872.0638), 'val_loss': tensor(34775.5977), 'val_loss_nll': tensor(32899.3281), 'val_loss_kld': tensor(1876.2673)}
2021-07-22 01:59:01,912 - ---Stop Logging---
